10:59:08,297  INFO Domino:89 - ================================================================================
10:59:08,368  INFO Domino:89 - starting client
10:59:08,411 DEBUG Domino:70 - CWD = /Users/TScott/hwb_project
10:59:08,436  INFO Domino:89 - executing command: init
10:59:45,266  INFO ProjectControllerProxy:89 - Creating project on server
11:02:20,341  INFO Domino:89 - ================================================================================
11:02:20,511  INFO Domino:89 - starting client
11:02:20,654 DEBUG Domino:70 - CWD = /Users/TScott/hwb_project
11:02:20,780  INFO Domino:89 - executing command: init
11:02:51,165  INFO ProjectControllerProxy:89 - Creating project on server
11:03:08,573 DEBUG ProjectControllerProxy:70 - server response: Created project tylerandrewscott/hwb_survey_project successfully.
11:03:14,357  INFO ProjectControllerProxy:89 - getting git host from https://api.dominoup.com/gitRepoLocation/tylerandrewscott/hwb_survey_project
11:03:14,876 DEBUG ProjectControllerProxy:70 - response from server: https://git.dominoup.com/projectrepos/tylerandrewscott/hwb_survey_project.git
11:03:16,620  INFO ProjectControllerProxy:89 - getting git host from https://api.dominoup.com/gitRepoLocation/tylerandrewscott/hwb_survey_project
11:03:16,796 DEBUG ProjectControllerProxy:70 - response from server: https://git.dominoup.com/projectrepos/tylerandrewscott/hwb_survey_project.git
11:03:28,294  INFO FileSyncClient:89 - Resetting hard = false local to data structure repo head @ commit = AnyObjectId[9d30982684e65b947ba7fd8901ac22e36ba59793]
11:03:29,463 ERROR Domino:137 - Error while processing init
java.io.FileNotFoundException: /Users/TScott/hwb_project/.git/objects/59/6c1aa501a99d888afe3d06b82b4086d65d66f4 (Permission denied)
	at java.io.RandomAccessFile.open(Native Method)
	at java.io.RandomAccessFile.<init>(RandomAccessFile.java:216)
	at com.cerebro.domino.common.util.LockedFileImpl.<init>(LockedFile.scala:22)
	at com.cerebro.domino.common.util.LockedFile$.lock(LockedFile.scala:79)
	at com.cerebro.domino.client.sync.CLIFileSyncClient$$anonfun$3.apply(CLIFileSyncClient.scala:28)
	at com.cerebro.domino.client.sync.CLIFileSyncClient$$anonfun$3.apply(CLIFileSyncClient.scala:28)
	at scala.collection.immutable.Stream$$anonfun$map$1.apply(Stream.scala:376)
	at scala.collection.immutable.Stream$$anonfun$map$1.apply(Stream.scala:376)
	at scala.collection.immutable.Stream$Cons.tail(Stream.scala:1085)
	at scala.collection.immutable.Stream$Cons.tail(Stream.scala:1077)
	at scala.collection.immutable.Stream$$anonfun$map$1.apply(Stream.scala:376)
	at scala.collection.immutable.Stream$$anonfun$map$1.apply(Stream.scala:376)
	at scala.collection.immutable.Stream$Cons.tail(Stream.scala:1085)
	at scala.collection.immutable.Stream$Cons.tail(Stream.scala:1077)
	at scala.collection.immutable.Stream.foreach(Stream.scala:548)
	at scala.collection.TraversableOnce$class.toMap(TraversableOnce.scala:279)
	at scala.collection.AbstractTraversable.toMap(Traversable.scala:105)
	at com.cerebro.domino.common.sync.LockedLocalFileDirectoryStructure$.fromFiles(LockedLocalFileDirectoryStructure.scala:113)
	at com.cerebro.domino.common.sync.LocalFileDirectory.withTrackedFilesLocked(LocalFileDirectory.scala:29)
	at com.cerebro.domino.common.sync.FileStructure$.fromLocalFileDirectory(FileStructure.scala:81)
	at com.cerebro.domino.common.sync.FileSyncClient.diffServerToLocal(FileSyncClient.scala:159)
	at com.cerebro.domino.common.sync.FileSyncClient.reset(FileSyncClient.scala:104)
	at com.cerebro.domino.common.sync.FileSyncClient.softResetLocalToFileStructureRepo(FileSyncClient.scala:96)
	at com.cerebro.domino.common.ProjectCloner.doClone(ProjectCloner.scala:41)
	at com.cerebro.domino.common.ProjectCloner.cloneProject(ProjectCloner.scala:27)
	at com.cerebro.domino.client.command.CommandUtils$.cloneProject(CommandUtils.scala:24)
	at com.cerebro.domino.client.command.InitCommand.init(InitCommand.scala:25)
	at com.cerebro.domino.client.Domino.executeCommand(Domino.scala:96)
	at com.cerebro.domino.client.Domino$.main(Domino.scala:56)
	at com.cerebro.domino.client.Domino.main(Domino.scala)
	at sun.reflect.NativeMethodAccessorImpl.invoke0(Native Method)
	at sun.reflect.NativeMethodAccessorImpl.invoke(NativeMethodAccessorImpl.java:39)
	at sun.reflect.DelegatingMethodAccessorImpl.invoke(DelegatingMethodAccessorImpl.java:25)
	at java.lang.reflect.Method.invoke(Method.java:597)
	at com.exe4j.runtime.LauncherEngine.launch(Unknown Source)
	at com.install4j.runtime.launcher.Launcher.main(Unknown Source)
23:57:54,659  INFO Domino:89 - ================================================================================
23:57:54,986  INFO Domino:89 - starting client
23:57:55,049 DEBUG Domino:70 - CWD = /Users/TScott/hwb_project
23:57:55,186  INFO Domino:89 - executing command: upload
